2026-02-11T13:51:54.331Z [console][error] ./Videos/projects/soulcanavs/soulcanvas/apps/frontend/app/components/index.ts:2:1
Module not found: Can't resolve './GalaxyView'
  1 | // Landing page components barrel export
> 2 | export { GalaxyView } from './GalaxyView';
    | ^^^^^^^^^^^^^^^^^^^^^^^^^^^^^^^^^^^^^^^^^^
  3 | export { HeroSection } from './HeroSection';
  4 | export { TimelineSection } from './TimelineSection';
  5 | export { VaultSection } from './VaultSection';

Import trace:
  Server Component:
    ./Videos/projects/soulcanavs/soulcanvas/apps/frontend/app/components/index.ts
    ./Videos/projects/soulcanavs/soulcanvas/apps/frontend/app/page.tsx

https://nextjs.org/docs/messages/module-not-found
2026-02-11T13:51:54.654Z [console][error] ./Videos/projects/soulcanavs/soulcanvas/apps/frontend/app/components/index.ts:2:1
Module not found: Can't resolve './GalaxyView'
  1 | // Landing page components barrel export
> 2 | export { GalaxyView } from './GalaxyView';
    | ^^^^^^^^^^^^^^^^^^^^^^^^^^^^^^^^^^^^^^^^^^
  3 | export { HeroSection } from './HeroSection';
  4 | export { TimelineSection } from './TimelineSection';
  5 | export { VaultSection } from './VaultSection';

Import trace:
  Server Component:
    ./Videos/projects/soulcanavs/soulcanvas/apps/frontend/app/components/index.ts
    ./Videos/projects/soulcanavs/soulcanvas/apps/frontend/app/page.tsx

https://nextjs.org/docs/messages/module-not-found
2026-02-11T13:51:54.332Z [console][error] ./Videos/projects/soulcanavs/soulcanvas/apps/frontend/app/components/index.ts:2:1
Module not found: Can't resolve './GalaxyView'
  1 | // Landing page components barrel export
> 2 | export { GalaxyView } from './GalaxyView';
    | ^^^^^^^^^^^^^^^^^^^^^^^^^^^^^^^^^^^^^^^^^^
  3 | export { HeroSection } from './HeroSection';
  4 | export { TimelineSection } from './TimelineSection';
  5 | export { VaultSection } from './VaultSection';

Import trace:
  Server Component:
    ./Videos/projects/soulcanavs/soulcanvas/apps/frontend/app/components/index.ts
    ./Videos/projects/soulcanavs/soulcanvas/apps/frontend/app/page.tsx

https://nextjs.org/docs/messages/module-not-found
2026-02-11T13:51:54.655Z [console][error] ./Videos/projects/soulcanavs/soulcanvas/apps/frontend/app/components/index.ts:2:1
Module not found: Can't resolve './GalaxyView'
  1 | // Landing page components barrel export
> 2 | export { GalaxyView } from './GalaxyView';
    | ^^^^^^^^^^^^^^^^^^^^^^^^^^^^^^^^^^^^^^^^^^
  3 | export { HeroSection } from './HeroSection';
  4 | export { TimelineSection } from './TimelineSection';
  5 | export { VaultSection } from './VaultSection';

Import trace:
  Server Component:
    ./Videos/projects/soulcanavs/soulcanvas/apps/frontend/app/components/index.ts
    ./Videos/projects/soulcanavs/soulcanvas/apps/frontend/app/page.tsx

https://nextjs.org/docs/messages/module-not-found
2026-02-16T10:04:19.739Z [network][POST 200] /__nextjs_original-stack-frames
  request: {"frames":[{"file":"https://react.dev/link/hydration-mismatch","line1":null,"column1":null,"methodName":"<unknown>","arguments":[]},{"file":"file://C:/Users/HP/Videos/projects/soulcanavs/soulcanvas/apps/frontend/.next/dev/static/chunks/10359_next_dist_51e925f7._.js","line1":2199,"column1":71,"methodName":"createConsoleError","arguments":[]},{"file":"file://C:/Users/HP/Videos/projects/soulcanavs/soulcanvas/apps/frontend/.next/dev/static/chunks/10359_next_dist_51e925f7._.js","line1":2980,"column1":54,"methodName":"handleConsoleError","arguments":[]},{"file":"file://C:/Users/HP/Videos/projects/soulcanavs/soulcanvas/apps/frontend/.next/dev/static/chunks/10359_next_dist_51e925f7._.js","line1":3124,"column1":57,"methodName":"console.error","arguments":[]},{"file":"file://C:/Users/HP/Videos/projects/soulcanavs/soulcanvas/apps/frontend/.next/dev/static/chunks/10359_next_dist_compiled_react-dom_15913f32._.js","line1":3469,"column1":25,"methodName":"<unknown>","arguments":[]},{"file":"file://C:/Users/HP/Videos/projects/soulcanavs/soulcanvas/apps/frontend/.next/dev/static/chunks/10359_next_dist_compiled_react-dom_15913f32._.js","line1":965,"column1":74,"methodName":"runWithFiberInDEV","arguments":[]},{"file":"file://C:/Users/HP/Videos/projects/soulcanavs/soulcanvas/apps/frontend/.next/dev/static/chunks/10359_next_dist_compiled_react-dom_15913f32._.js","line1":3468,"column1":13,"methodName":"emitPendingHydrationWarnings","arguments":[]},{"file":"file://C:/Users/HP/Videos/projects/soulcanavs/soulcanvas/apps/frontend/.next/dev/static/chunks/10359_next_dist_compiled_react-dom_15913f32._.js","line1":6897,"column1":102,"methodName":"completeWork","arguments":[]},{"file":"file://C:/Users/HP/Videos/projects/soulcanavs/soulcanvas/apps/frontend/.next/dev/static/chunks/10359_next_dist_compiled_react-dom_15913f32._.js","line1":965,"column1":131,"methodName":"runWithFiberInDEV","arguments":[]},{"file":"file://C:/Users/HP/Videos/projects/soulcanavs/soulcanvas/apps/frontend/.next/dev/static/... [truncated]
  response: [{"status":"rejected","reason":"[Error: Unknown url scheme 'https'\n\nDebug info:\n- Execution of project_trace_source_operation failed\n- Execution of *SourceMap::new_from_rope_cached failed\n- Execution of get_source_map_rope failed\n- Unknown url scheme 'https'] {\n  code: 'GenericFailure'\n}"},{"status":"fulfilled","value":{"originalStackFrame":{"arguments":[],"file":"../../node_modules/.bun/next@16.1.0+8fba677b1d6253e6/node_modules/next/src/next-devtools/shared/console-error.ts","line1":16,"column1":35,"ignored":true,"methodName":"createConsoleError"},"originalCodeFrame":null}},{"status":"fulfilled","value":{"originalStackFrame":{"arguments":[],"file":"../../node_modules/.bun/next@16.1.0+8fba677b1d6253e6/node_modules/next/src/next-devtools/userspace/app/errors/use-error-handler.ts","line1":31,"column1":31,"ignored":true,"methodName":"handleConsoleError"},"originalCodeFrame":null}},{"status":"fulfilled","value":{"originalStackFrame":{"arguments":[],"file":"../../node_modules/.bun/next@16.1.0+8fba677b1d6253e6/node_modules/next/src/next-devtools/userspace/app/errors/intercept-console-error.ts","line1":33,"column1":27,"ignored":true,"methodName":"console.error"},"originalCodeFrame":null}},{"status":"fulfilled","value":{"originalStackFrame":{"arguments":[],"file":"../../node_modules/.bun/next@16.1.0+8fba677b1d6253e6/node_modules/next/dist/compiled/react-dom/cjs/react-dom-client.development.js","line1":5731,"column1":19,"ignored":true,"methodName":"<unknown>"},"originalCodeFrame":null}},{"status":"fulfilled","value":{"originalStackFrame":{"arguments":[],"file":"../../node_modules/.bun/next@16.1.0+8fba677b1d6253e6/node_modules/next/dist/compiled/react-dom/cjs/react-dom-client.development.js","line1":986,"column1":30,"ignored":true,"methodName":"runWithFiberInDEV"},"originalCodeFrame":null}},{"status":"fulfilled","value":{"originalStackFrame":{"arguments":[],"file":"../../node_modules/.bun/next@16.1.0+8fba677b1d6253e6/node_modules/next/dist/compiled/react-dom/cjs/react... [truncated]
2026-02-16T10:04:21.319Z [network][POST 200] 
  request: {"events":[{"event":"FRAMEWORK_METADATA","cv":"5.122.1","it":"development","sdk":"@clerk/nextjs","sdkv":"6.36.8","pk":"pk_test_Y2xpbWJpbmctbW9sbHktOTEuY2xlcmsuYWNjb3VudHMuZGV2JA","payload":{"router":"app","nextjsVersion":"16.1.0"}},{"event":"METHOD_CALLED","cv":"5.122.1","it":"development","sdk":"@clerk/nextjs","sdkv":"6.36.8","pk":"pk_test_Y2xpbWJpbmctbW9sbHktOTEuY2xlcmsuYWNjb3VudHMuZGV2JA","payload":{"method":"useAuth"}}]}
2026-02-16T10:08:52.186Z [console][warn] [Fast Refresh] rebuilding
2026-02-16T10:09:11.583Z [console][warn] [Fast Refresh] done in 19457ms
2026-02-16T10:09:57.522Z [console][warn] [Fast Refresh] rebuilding
2026-02-16T10:09:57.568Z [console][warn] [Fast Refresh] done in 148ms
2026-02-16T10:09:57.733Z [console][warn] [Fast Refresh] rebuilding
2026-02-16T10:09:58.350Z [console][warn] [Fast Refresh] done in 640ms
2026-02-16T10:08:52.186Z [console][log] [Fast Refresh] rebuilding
2026-02-16T10:09:11.584Z [console][log] [Fast Refresh] done in 19457ms
2026-02-16T10:09:57.523Z [console][log] [Fast Refresh] rebuilding
2026-02-16T10:09:57.569Z [console][log] [Fast Refresh] done in 148ms
2026-02-16T10:09:57.733Z [console][log] [Fast Refresh] rebuilding
2026-02-16T10:09:58.351Z [console][log] [Fast Refresh] done in 640ms
2026-02-16T10:04:19.739Z [network][POST 200] /__nextjs_original-stack-frames
  request: {"frames":[{"file":"https://react.dev/link/hydration-mismatch","line1":null,"column1":null,"methodName":"<unknown>","arguments":[]},{"file":"file://C:/Users/HP/Videos/projects/soulcanavs/soulcanvas/apps/frontend/.next/dev/static/chunks/10359_next_dist_51e925f7._.js","line1":2199,"column1":71,"methodName":"createConsoleError","arguments":[]},{"file":"file://C:/Users/HP/Videos/projects/soulcanavs/soulcanvas/apps/frontend/.next/dev/static/chunks/10359_next_dist_51e925f7._.js","line1":2980,"column1":54,"methodName":"handleConsoleError","arguments":[]},{"file":"file://C:/Users/HP/Videos/projects/soulcanavs/soulcanvas/apps/frontend/.next/dev/static/chunks/10359_next_dist_51e925f7._.js","line1":3124,"column1":57,"methodName":"console.error","arguments":[]},{"file":"file://C:/Users/HP/Videos/projects/soulcanavs/soulcanvas/apps/frontend/.next/dev/static/chunks/10359_next_dist_compiled_react-dom_15913f32._.js","line1":3469,"column1":25,"methodName":"<unknown>","arguments":[]},{"file":"file://C:/Users/HP/Videos/projects/soulcanavs/soulcanvas/apps/frontend/.next/dev/static/chunks/10359_next_dist_compiled_react-dom_15913f32._.js","line1":965,"column1":74,"methodName":"runWithFiberInDEV","arguments":[]},{"file":"file://C:/Users/HP/Videos/projects/soulcanavs/soulcanvas/apps/frontend/.next/dev/static/chunks/10359_next_dist_compiled_react-dom_15913f32._.js","line1":3468,"column1":13,"methodName":"emitPendingHydrationWarnings","arguments":[]},{"file":"file://C:/Users/HP/Videos/projects/soulcanavs/soulcanvas/apps/frontend/.next/dev/static/chunks/10359_next_dist_compiled_react-dom_15913f32._.js","line1":6897,"column1":102,"methodName":"completeWork","arguments":[]},{"file":"file://C:/Users/HP/Videos/projects/soulcanavs/soulcanvas/apps/frontend/.next/dev/static/chunks/10359_next_dist_compiled_react-dom_15913f32._.js","line1":965,"column1":131,"methodName":"runWithFiberInDEV","arguments":[]},{"file":"file://C:/Users/HP/Videos/projects/soulcanavs/soulcanvas/apps/frontend/.next/dev/static/... [truncated]
  response: [{"status":"rejected","reason":"[Error: Unknown url scheme 'https'\n\nDebug info:\n- Execution of project_trace_source_operation failed\n- Execution of *SourceMap::new_from_rope_cached failed\n- Execution of get_source_map_rope failed\n- Unknown url scheme 'https'] {\n  code: 'GenericFailure'\n}"},{"status":"fulfilled","value":{"originalStackFrame":{"arguments":[],"file":"../../node_modules/.bun/next@16.1.0+8fba677b1d6253e6/node_modules/next/src/next-devtools/shared/console-error.ts","line1":16,"column1":35,"ignored":true,"methodName":"createConsoleError"},"originalCodeFrame":null}},{"status":"fulfilled","value":{"originalStackFrame":{"arguments":[],"file":"../../node_modules/.bun/next@16.1.0+8fba677b1d6253e6/node_modules/next/src/next-devtools/userspace/app/errors/use-error-handler.ts","line1":31,"column1":31,"ignored":true,"methodName":"handleConsoleError"},"originalCodeFrame":null}},{"status":"fulfilled","value":{"originalStackFrame":{"arguments":[],"file":"../../node_modules/.bun/next@16.1.0+8fba677b1d6253e6/node_modules/next/src/next-devtools/userspace/app/errors/intercept-console-error.ts","line1":33,"column1":27,"ignored":true,"methodName":"console.error"},"originalCodeFrame":null}},{"status":"fulfilled","value":{"originalStackFrame":{"arguments":[],"file":"../../node_modules/.bun/next@16.1.0+8fba677b1d6253e6/node_modules/next/dist/compiled/react-dom/cjs/react-dom-client.development.js","line1":5731,"column1":19,"ignored":true,"methodName":"<unknown>"},"originalCodeFrame":null}},{"status":"fulfilled","value":{"originalStackFrame":{"arguments":[],"file":"../../node_modules/.bun/next@16.1.0+8fba677b1d6253e6/node_modules/next/dist/compiled/react-dom/cjs/react-dom-client.development.js","line1":986,"column1":30,"ignored":true,"methodName":"runWithFiberInDEV"},"originalCodeFrame":null}},{"status":"fulfilled","value":{"originalStackFrame":{"arguments":[],"file":"../../node_modules/.bun/next@16.1.0+8fba677b1d6253e6/node_modules/next/dist/compiled/react-dom/cjs/react... [truncated]
2026-02-16T10:04:21.319Z [network][POST 200] 
  request: {"events":[{"event":"FRAMEWORK_METADATA","cv":"5.122.1","it":"development","sdk":"@clerk/nextjs","sdkv":"6.36.8","pk":"pk_test_Y2xpbWJpbmctbW9sbHktOTEuY2xlcmsuYWNjb3VudHMuZGV2JA","payload":{"router":"app","nextjsVersion":"16.1.0"}},{"event":"METHOD_CALLED","cv":"5.122.1","it":"development","sdk":"@clerk/nextjs","sdkv":"6.36.8","pk":"pk_test_Y2xpbWJpbmctbW9sbHktOTEuY2xlcmsuYWNjb3VudHMuZGV2JA","payload":{"method":"useAuth"}}]}
2026-02-16T10:09:58.270Z [network][GET 200] 
2026-02-16T10:09:58.354Z [network][GET 200] 
2026-02-16T10:09:58.429Z [network][GET 200] 
2026-02-16T10:09:58.505Z [network][GET 200] 
2026-02-16T10:09:58.578Z [network][GET 200] 
2026-02-16T10:09:58.654Z [network][GET 200] 
2026-02-16T10:09:58.728Z [network][GET 200] 
2026-02-16T10:09:58.805Z [network][GET 200] 
